app/build/intermediates/manifest_merge_blame_file/debug/processDebugMainManifest/manifest-merger-blame-debug-report.txt
1<?xml version="1.0" encoding="utf-8"?>
2<manifest xmlns:android="http://schemas.android.com/apk/res/android"
3    package="com.cecyt.pomodoro"
4    android:versionCode="1"
5    android:versionName="1.0" >
6
7    <uses-sdk
7-->INJECTED
8        android:minSdkVersion="29"
8-->INJECTED
9        android:targetSdkVersion="36" />
9-->INJECTED
10
11    <uses-permission android:name="android.permission.USE_FULL_SCREEN_INTENT" />
11-->src/main/AndroidManifest.xml:5:5-81
11-->src/main/AndroidManifest.xml:5:22-78
12
13    <permission
13-->[androidx.core:core:1.16.0] AndroidManifest.xml:22:5-24:47
14        android:name="com.cecyt.pomodoro.DYNAMIC_RECEIVER_NOT_EXPORTED_PERMISSION"
14-->[androidx.core:core:1.16.0] AndroidManifest.xml:23:9-81
15        android:protectionLevel="signature" />
15-->[androidx.core:core:1.16.0] AndroidManifest.xml:24:9-44
16
17    <uses-permission android:name="com.cecyt.pomodoro.DYNAMIC_RECEIVER_NOT_EXPORTED_PERMISSION" />
17-->[androidx.core:core:1.16.0] AndroidManifest.xml:26:5-97
17-->[androidx.core:core:1.16.0] AndroidManifest.xml:26:22-94
18
19    <application
19-->src/main/AndroidManifest.xml:7:5-59:19
20        android:allowBackup="true"
20-->src/main/AndroidManifest.xml:8:9-35
21        android:appComponentFactory="androidx.core.app.CoreComponentFactory"
21-->[androidx.core:core:1.16.0] AndroidManifest.xml:28:18-86
22        android:dataExtractionRules="@xml/data_extraction_rules"
22-->src/main/AndroidManifest.xml:9:9-65
23        android:debuggable="true"
24        android:extractNativeLibs="false"
24-->INJECTED
25        android:fullBackupContent="@xml/backup_rules"
25-->src/main/AndroidManifest.xml:10:9-54
26        android:icon="@mipmap/ic_launcher"
26-->src/main/AndroidManifest.xml:11:9-43
27        android:label="@string/app_name"
27-->src/main/AndroidManifest.xml:12:9-41
28        android:roundIcon="@mipmap/ic_launcher_round"
28-->src/main/AndroidManifest.xml:13:9-54
29        android:supportsRtl="true"
29-->src/main/AndroidManifest.xml:14:9-35
30        android:testOnly="true"
31        android:theme="@style/Theme.Pomodoro" >
31-->src/main/AndroidManifest.xml:15:9-46
32        <activity
32-->src/main/AndroidManifest.xml:17:9-25:20
33            android:name="com.cecyt.pomodoro.bienvenidaActivity"
33-->src/main/AndroidManifest.xml:18:13-47
34            android:exported="true"
34-->src/main/AndroidManifest.xml:19:13-36
35            android:theme="@style/Theme.Pomodoro" >
35-->src/main/AndroidManifest.xml:20:13-50
36            <intent-filter>
36-->src/main/AndroidManifest.xml:21:13-24:29
37                <action android:name="android.intent.action.MAIN" />
37-->src/main/AndroidManifest.xml:22:17-69
37-->src/main/AndroidManifest.xml:22:25-66
38
39                <category android:name="android.intent.category.LAUNCHER" />
39-->src/main/AndroidManifest.xml:23:17-77
39-->src/main/AndroidManifest.xml:23:27-74
40            </intent-filter>
41        </activity>
42        <activity
42-->src/main/AndroidManifest.xml:27:9-30:57
43            android:name="com.cecyt.pomodoro.CronometroActivity"
43-->src/main/AndroidManifest.xml:28:13-47
44            android:exported="false"
44-->src/main/AndroidManifest.xml:29:13-37
45            android:theme="@style/Theme.App.Starting" />
45-->src/main/AndroidManifest.xml:30:13-54
46        <activity
46-->src/main/AndroidManifest.xml:32:9-35:58
47            android:name="com.cecyt.pomodoro.tareasActivity"
47-->src/main/AndroidManifest.xml:33:13-43
48            android:exported="false"
48-->src/main/AndroidManifest.xml:34:13-37
49            android:windowSoftInputMode="adjustResize" />
49-->src/main/AndroidManifest.xml:35:13-55
50        <activity
50-->src/main/AndroidManifest.xml:37:9-42:58
51            android:name="com.cecyt.pomodoro.alertaActivity"
51-->src/main/AndroidManifest.xml:38:13-43
52            android:exported="false"
52-->src/main/AndroidManifest.xml:39:13-37
53            android:showOnLockScreen="true"
53-->src/main/AndroidManifest.xml:40:13-44
54            android:turnScreenOn="true"
54-->src/main/AndroidManifest.xml:41:13-40
55            android:windowSoftInputMode="adjustResize" />
55-->src/main/AndroidManifest.xml:42:13-55
56        <activity
56-->src/main/AndroidManifest.xml:44:9-47:58
57            android:name="com.cecyt.pomodoro.analisisActivity"
57-->src/main/AndroidManifest.xml:45:13-45
58            android:exported="false"
58-->src/main/AndroidManifest.xml:46:13-37
59            android:windowSoftInputMode="adjustResize" />
59-->src/main/AndroidManifest.xml:47:13-55
60        <activity
60-->src/main/AndroidManifest.xml:49:9-52:58
61            android:name="com.cecyt.pomodoro.personalizacionActivity"
61-->src/main/AndroidManifest.xml:50:13-52
62            android:exported="false"
62-->src/main/AndroidManifest.xml:51:13-37
63            android:windowSoftInputMode="adjustResize" />
63-->src/main/AndroidManifest.xml:52:13-55
64        <activity
64-->src/main/AndroidManifest.xml:54:9-57:58
65            android:name="com.cecyt.pomodoro.configuracionesAppActivity"
65-->src/main/AndroidManifest.xml:55:13-55
66            android:exported="false"
66-->src/main/AndroidManifest.xml:56:13-37
67            android:windowSoftInputMode="adjustResize" />
67-->src/main/AndroidManifest.xml:57:13-55
68        <activity
68-->[androidx.compose.ui:ui-tooling-android:1.10.4] AndroidManifest.xml:23:9-25:39
69            android:name="androidx.compose.ui.tooling.PreviewActivity"
69-->[androidx.compose.ui:ui-tooling-android:1.10.4] AndroidManifest.xml:24:13-71
70            android:exported="true" />
70-->[androidx.compose.ui:ui-tooling-android:1.10.4] AndroidManifest.xml:25:13-36
71        <activity
71-->[androidx.compose.ui:ui-test-manifest:1.10.4] AndroidManifest.xml:23:9-26:79
72            android:name="androidx.activity.ComponentActivity"
72-->[androidx.compose.ui:ui-test-manifest:1.10.4] AndroidManifest.xml:24:13-63
73            android:exported="true"
73-->[androidx.compose.ui:ui-test-manifest:1.10.4] AndroidManifest.xml:25:13-36
74            android:theme="@android:style/Theme.Material.Light.NoActionBar" />
74-->[androidx.compose.ui:ui-test-manifest:1.10.4] AndroidManifest.xml:26:13-76
75
76        <provider
76-->[androidx.emoji2:emoji2:1.4.0] AndroidManifest.xml:24:9-32:20
77            android:name="androidx.startup.InitializationProvider"
77-->[androidx.emoji2:emoji2:1.4.0] AndroidManifest.xml:25:13-67
78            android:authorities="com.cecyt.pomodoro.androidx-startup"
78-->[androidx.emoji2:emoji2:1.4.0] AndroidManifest.xml:26:13-68
79            android:exported="false" >
79-->[androidx.emoji2:emoji2:1.4.0] AndroidManifest.xml:27:13-37
80            <meta-data
80-->[androidx.emoji2:emoji2:1.4.0] AndroidManifest.xml:29:13-31:52
81                android:name="androidx.emoji2.text.EmojiCompatInitializer"
81-->[androidx.emoji2:emoji2:1.4.0] AndroidManifest.xml:30:17-75
82                android:value="androidx.startup" />
82-->[androidx.emoji2:emoji2:1.4.0] AndroidManifest.xml:31:17-49
83            <meta-data
83-->[androidx.lifecycle:lifecycle-process:2.9.4] AndroidManifest.xml:29:13-31:52
84                android:name="androidx.lifecycle.ProcessLifecycleInitializer"
84-->[androidx.lifecycle:lifecycle-process:2.9.4] AndroidManifest.xml:30:17-78
85                android:value="androidx.startup" />
85-->[androidx.lifecycle:lifecycle-process:2.9.4] AndroidManifest.xml:31:17-49
86            <meta-data
86-->[androidx.profileinstaller:profileinstaller:1.4.0] AndroidManifest.xml:29:13-31:52
87                android:name="androidx.profileinstaller.ProfileInstallerInitializer"
87-->[androidx.profileinstaller:profileinstaller:1.4.0] AndroidManifest.xml:30:17-85
88                android:value="androidx.startup" />
88-->[androidx.profileinstaller:profileinstaller:1.4.0] AndroidManifest.xml:31:17-49
89        </provider>
90
91        <uses-library
91-->[androidx.window:window:1.5.0] AndroidManifest.xml:23:9-25:40
92            android:name="androidx.window.extensions"
92-->[androidx.window:window:1.5.0] AndroidManifest.xml:24:13-54
93            android:required="false" />
93-->[androidx.window:window:1.5.0] AndroidManifest.xml:25:13-37
94        <uses-library
94-->[androidx.window:window:1.5.0] AndroidManifest.xml:26:9-28:40
95            android:name="androidx.window.sidecar"
95-->[androidx.window:window:1.5.0] AndroidManifest.xml:27:13-51
96            android:required="false" />
96-->[androidx.window:window:1.5.0] AndroidManifest.xml:28:13-37
97
98        <receiver
98-->[androidx.profileinstaller:profileinstaller:1.4.0] AndroidManifest.xml:34:9-52:20
99            android:name="androidx.profileinstaller.ProfileInstallReceiver"
99-->[androidx.profileinstaller:profileinstaller:1.4.0] AndroidManifest.xml:35:13-76
100            android:directBootAware="false"
100-->[androidx.profileinstaller:profileinstaller:1.4.0] AndroidManifest.xml:36:13-44
101            android:enabled="true"
101-->[androidx.profileinstaller:profileinstaller:1.4.0] AndroidManifest.xml:37:13-35
102            android:exported="true"
102-->[androidx.profileinstaller:profileinstaller:1.4.0] AndroidManifest.xml:38:13-36
103            android:permission="android.permission.DUMP" >
103-->[androidx.profileinstaller:profileinstaller:1.4.0] AndroidManifest.xml:39:13-57
104            <intent-filter>
104-->[androidx.profileinstaller:profileinstaller:1.4.0] AndroidManifest.xml:40:13-42:29
105                <action android:name="androidx.profileinstaller.action.INSTALL_PROFILE" />
105-->[androidx.profileinstaller:profileinstaller:1.4.0] AndroidManifest.xml:41:17-91
105-->[androidx.profileinstaller:profileinstaller:1.4.0] AndroidManifest.xml:41:25-88
106            </intent-filter>
107            <intent-filter>
107-->[androidx.profileinstaller:profileinstaller:1.4.0] AndroidManifest.xml:43:13-45:29
108                <action android:name="androidx.profileinstaller.action.SKIP_FILE" />
108-->[androidx.profileinstaller:profileinstaller:1.4.0] AndroidManifest.xml:44:17-85
108-->[androidx.profileinstaller:profileinstaller:1.4.0] AndroidManifest.xml:44:25-82
109            </intent-filter>
110            <intent-filter>
110-->[androidx.profileinstaller:profileinstaller:1.4.0] AndroidManifest.xml:46:13-48:29
111                <action android:name="androidx.profileinstaller.action.SAVE_PROFILE" />
111-->[androidx.profileinstaller:profileinstaller:1.4.0] AndroidManifest.xml:47:17-88
111-->[androidx.profileinstaller:profileinstaller:1.4.0] AndroidManifest.xml:47:25-85
112            </intent-filter>
113            <intent-filter>
113-->[androidx.profileinstaller:profileinstaller:1.4.0] AndroidManifest.xml:49:13-51:29
114                <action android:name="androidx.profileinstaller.action.BENCHMARK_OPERATION" />
114-->[androidx.profileinstaller:profileinstaller:1.4.0] AndroidManifest.xml:50:17-95
114-->[androidx.profileinstaller:profileinstaller:1.4.0] AndroidManifest.xml:50:25-92
115            </intent-filter>
116        </receiver>
117    </application>
118
119</manifest>